{
  "0 debug pnpm:scope": {
    "selected": 1
  },
  "1 error pnpm": {
    "errno": 1,
    "code": "ELIFECYCLE",
    "pkgid": "vuetify-ctx-menu@0.0.1",
    "stage": "dev",
    "script": "vite",
    "pkgname": "vuetify-ctx-menu",
    "err": {
      "name": "pnpm",
      "message": "vuetify-ctx-menu@0.0.1 dev: `vite`\nExit status 1",
      "code": "ELIFECYCLE",
      "stack": "pnpm: vuetify-ctx-menu@0.0.1 dev: `vite`\nExit status 1\n    at EventEmitter.<anonymous> (C:\\Users\\yuri\\AppData\\Roaming\\nvm\\v16.15.1\\node_modules\\pnpm\\dist\\pnpm.cjs:108415:20)\n    at EventEmitter.emit (node:events:527:28)\n    at ChildProcess.<anonymous> (C:\\Users\\yuri\\AppData\\Roaming\\nvm\\v16.15.1\\node_modules\\pnpm\\dist\\pnpm.cjs:94981:18)\n    at ChildProcess.emit (node:events:527:28)\n    at maybeClose (node:internal/child_process:1092:16)\n    at Process.ChildProcess._handle.onexit (node:internal/child_process:302:5)"
    }
  },
  "2 warn pnpm:global": " Local package.json exists, but node_modules missing, did you mean to install?"
}